e:\code\visualstudio\_beta\bide_beta\bidemainwindow\bidemainwindow\x64\debug\uic\ui_faceinter.h
e:\code\visualstudio\_beta\bide_beta\bidemainwindow\bidemainwindow\x64\debug\rcc\qrc_lightstyle.cpp
e:\code\visualstudio\_beta\bide_beta\bidemainwindow\bidemainwindow\x64\debug\moc\moc_bidemainwindow.cpp
e:\code\visualstudio\_beta\bide_beta\bidemainwindow\bidemainwindow\x64\debug\moc\moc_faceinter.cpp
e:\code\visualstudio\_beta\bide_beta\bidemainwindow\bidemainwindow\x64\debug\bidemainwindow.obj
e:\code\visualstudio\_beta\bide_beta\bidemainwindow\bidemainwindow\x64\debug\main.obj
e:\code\visualstudio\_beta\bide_beta\bidemainwindow\bidemainwindow\x64\debug\faceinter.obj
e:\code\visualstudio\_beta\bide_beta\bidemainwindow\bidemainwindow\x64\debug\vc140.pdb
e:\code\visualstudio\_beta\bide_beta\bidemainwindow\bidemainwindow\x64\debug\qrc_lightstyle.obj
e:\code\visualstudio\_beta\bide_beta\bidemainwindow\bidemainwindow\x64\debug\moc_bidemainwindow.obj
e:\code\visualstudio\_beta\bide_beta\bidemainwindow\bidemainwindow\x64\debug\moc_faceinter.obj
e:\code\visualstudio\_beta\bide_beta\bidemainwindow\x64\debug\bidemainwindow.ilk
e:\code\visualstudio\_beta\bide_beta\bidemainwindow\x64\debug\bidemainwindow.exe
e:\code\visualstudio\_beta\bide_beta\bidemainwindow\x64\debug\bidemainwindow.pdb
e:\code\visualstudio\_beta\bide_beta\bidemainwindow\bidemainwindow\x64\debug\bidemainwindow.res
e:\code\visualstudio\_beta\bide_beta\bidemainwindow\bidemainwindow\x64\debug\bidemainwindow.tlog\bidemainwindow.write.1u.tlog
e:\code\visualstudio\_beta\bide_beta\bidemainwindow\bidemainwindow\x64\debug\bidemainwindow.tlog\cl.command.1.tlog
e:\code\visualstudio\_beta\bide_beta\bidemainwindow\bidemainwindow\x64\debug\bidemainwindow.tlog\cl.read.1.tlog
e:\code\visualstudio\_beta\bide_beta\bidemainwindow\bidemainwindow\x64\debug\bidemainwindow.tlog\cl.write.1.tlog
e:\code\visualstudio\_beta\bide_beta\bidemainwindow\bidemainwindow\x64\debug\bidemainwindow.tlog\link.command.1.tlog
e:\code\visualstudio\_beta\bide_beta\bidemainwindow\bidemainwindow\x64\debug\bidemainwindow.tlog\link.read.1.tlog
e:\code\visualstudio\_beta\bide_beta\bidemainwindow\bidemainwindow\x64\debug\bidemainwindow.tlog\link.write.1.tlog
e:\code\visualstudio\_beta\bide_beta\bidemainwindow\bidemainwindow\x64\debug\bidemainwindow.tlog\moc.read.1u.tlog
e:\code\visualstudio\_beta\bide_beta\bidemainwindow\bidemainwindow\x64\debug\bidemainwindow.tlog\moc.write.1u.tlog
e:\code\visualstudio\_beta\bide_beta\bidemainwindow\bidemainwindow\x64\debug\bidemainwindow.tlog\rc.command.1.tlog
e:\code\visualstudio\_beta\bide_beta\bidemainwindow\bidemainwindow\x64\debug\bidemainwindow.tlog\rc.read.1.tlog
e:\code\visualstudio\_beta\bide_beta\bidemainwindow\bidemainwindow\x64\debug\bidemainwindow.tlog\rc.write.1.tlog
e:\code\visualstudio\_beta\bide_beta\bidemainwindow\bidemainwindow\x64\debug\bidemainwindow.tlog\rcc.read.1u.tlog
e:\code\visualstudio\_beta\bide_beta\bidemainwindow\bidemainwindow\x64\debug\bidemainwindow.tlog\rcc.write.1u.tlog
e:\code\visualstudio\_beta\bide_beta\bidemainwindow\bidemainwindow\x64\debug\bidemainwindow.tlog\uic.read.1u.tlog
e:\code\visualstudio\_beta\bide_beta\bidemainwindow\bidemainwindow\x64\debug\bidemainwindow.tlog\uic.write.1u.tlog
