e:\code\visualstudio\_beta\bide_beta\bidemainwindow\demos\textformatdisplaydemos\x64\debug\vc143.pdb
e:\code\visualstudio\_beta\bide_beta\bidemainwindow\demos\textformatdisplaydemos\x64\debug\vc143.idb
e:\code\visualstudio\_beta\bide_beta\bidemainwindow\demos\textformatdisplaydemos\x64\debug\qrc_textformatdisplaydemos.obj
e:\code\visualstudio\_beta\bide_beta\bidemainwindow\demos\textformatdisplaydemos\x64\debug\main.obj
e:\code\visualstudio\_beta\bide_beta\bidemainwindow\demos\textformatdisplaydemos\x64\debug\textformatdisplaydemos.obj
e:\code\visualstudio\_beta\bide_beta\bidemainwindow\demos\textformatdisplaydemos\x64\debug\moc_textformatdisplaydemos.obj
e:\code\visualstudio\_beta\bide_beta\bidemainwindow\x64\debug\textformatdisplaydemos.exe
e:\code\visualstudio\_beta\bide_beta\bidemainwindow\x64\debug\textformatdisplaydemos.pdb
e:\code\visualstudio\_beta\bide_beta\bidemainwindow\demos\textformatdisplaydemos\x64\debug\moc\moc_textformatdisplaydemos.cpp
e:\code\visualstudio\_beta\bide_beta\bidemainwindow\demos\textformatdisplaydemos\x64\debug\rcc\qrc_textformatdisplaydemos.cpp
e:\code\visualstudio\_beta\bide_beta\bidemainwindow\demos\textformatdisplaydemos\x64\debug\uic\ui_textformatdisplaydemos.h
e:\code\visualstudio\_beta\bide_beta\bidemainwindow\demos\textformatdisplaydemos\x64\debug\textformatdisplaydemos.ilk
e:\code\visualstudio\_beta\bide_beta\bidemainwindow\demos\textformatdisplaydemos\x64\debug\textform.d909490a.tlog\cl.command.1.tlog
e:\code\visualstudio\_beta\bide_beta\bidemainwindow\demos\textformatdisplaydemos\x64\debug\textform.d909490a.tlog\cl.items.tlog
e:\code\visualstudio\_beta\bide_beta\bidemainwindow\demos\textformatdisplaydemos\x64\debug\textform.d909490a.tlog\cl.read.1.tlog
e:\code\visualstudio\_beta\bide_beta\bidemainwindow\demos\textformatdisplaydemos\x64\debug\textform.d909490a.tlog\cl.write.1.tlog
e:\code\visualstudio\_beta\bide_beta\bidemainwindow\demos\textformatdisplaydemos\x64\debug\textform.d909490a.tlog\link.command.1.tlog
e:\code\visualstudio\_beta\bide_beta\bidemainwindow\demos\textformatdisplaydemos\x64\debug\textform.d909490a.tlog\link.read.1.tlog
e:\code\visualstudio\_beta\bide_beta\bidemainwindow\demos\textformatdisplaydemos\x64\debug\textform.d909490a.tlog\link.secondary.1.tlog
e:\code\visualstudio\_beta\bide_beta\bidemainwindow\demos\textformatdisplaydemos\x64\debug\textform.d909490a.tlog\link.write.1.tlog
e:\code\visualstudio\_beta\bide_beta\bidemainwindow\demos\textformatdisplaydemos\x64\debug\textform.d909490a.tlog\moc.read.1u.tlog
e:\code\visualstudio\_beta\bide_beta\bidemainwindow\demos\textformatdisplaydemos\x64\debug\textform.d909490a.tlog\moc.write.1u.tlog
e:\code\visualstudio\_beta\bide_beta\bidemainwindow\demos\textformatdisplaydemos\x64\debug\textform.d909490a.tlog\rcc.read.1u.tlog
e:\code\visualstudio\_beta\bide_beta\bidemainwindow\demos\textformatdisplaydemos\x64\debug\textform.d909490a.tlog\rcc.write.1u.tlog
e:\code\visualstudio\_beta\bide_beta\bidemainwindow\demos\textformatdisplaydemos\x64\debug\textform.d909490a.tlog\textformatdisplaydemos.write.1u.tlog
e:\code\visualstudio\_beta\bide_beta\bidemainwindow\demos\textformatdisplaydemos\x64\debug\textform.d909490a.tlog\uic.read.1u.tlog
e:\code\visualstudio\_beta\bide_beta\bidemainwindow\demos\textformatdisplaydemos\x64\debug\textform.d909490a.tlog\uic.write.1u.tlog
