e:\code\visualstudio\_beta\bide_beta\bidemainwindow\icondemo2\x64\debug\vc143.pdb
e:\code\visualstudio\_beta\bide_beta\bidemainwindow\icondemo2\x64\debug\vc143.idb
e:\code\visualstudio\_beta\bide_beta\bidemainwindow\icondemo2\x64\debug\qrc_icondemo2.obj
e:\code\visualstudio\_beta\bide_beta\bidemainwindow\icondemo2\x64\debug\icondemo2.obj
e:\code\visualstudio\_beta\bide_beta\bidemainwindow\icondemo2\x64\debug\main.obj
e:\code\visualstudio\_beta\bide_beta\bidemainwindow\icondemo2\x64\debug\moc_icondemo2.obj
e:\code\visualstudio\_beta\bide_beta\bidemainwindow\icondemo2\x64\debug\uic\ui_icondemo2.h
e:\code\visualstudio\_beta\bide_beta\bidemainwindow\icondemo2\x64\debug\rcc\qrc_icondemo2.cpp
e:\code\visualstudio\_beta\bide_beta\bidemainwindow\icondemo2\x64\debug\moc\moc_icondemo2.cpp
e:\code\visualstudio\_beta\bide_beta\bidemainwindow\x64\debug\icondemo2.exe
e:\code\visualstudio\_beta\bide_beta\bidemainwindow\x64\debug\icondemo2.pdb
e:\code\visualstudio\_beta\bide_beta\bidemainwindow\icondemo2\x64\debug\icondemo2.res
e:\code\visualstudio\_beta\bide_beta\bidemainwindow\icondemo2\x64\debug\icondemo2.ilk
e:\code\visualstudio\_beta\bide_beta\bidemainwindow\icondemo2\x64\debug\icondemo2.tlog\cl.command.1.tlog
e:\code\visualstudio\_beta\bide_beta\bidemainwindow\icondemo2\x64\debug\icondemo2.tlog\cl.items.tlog
e:\code\visualstudio\_beta\bide_beta\bidemainwindow\icondemo2\x64\debug\icondemo2.tlog\cl.read.1.tlog
e:\code\visualstudio\_beta\bide_beta\bidemainwindow\icondemo2\x64\debug\icondemo2.tlog\cl.write.1.tlog
e:\code\visualstudio\_beta\bide_beta\bidemainwindow\icondemo2\x64\debug\icondemo2.tlog\icondemo2.write.1u.tlog
e:\code\visualstudio\_beta\bide_beta\bidemainwindow\icondemo2\x64\debug\icondemo2.tlog\link.command.1.tlog
e:\code\visualstudio\_beta\bide_beta\bidemainwindow\icondemo2\x64\debug\icondemo2.tlog\link.read.1.tlog
e:\code\visualstudio\_beta\bide_beta\bidemainwindow\icondemo2\x64\debug\icondemo2.tlog\link.secondary.1.tlog
e:\code\visualstudio\_beta\bide_beta\bidemainwindow\icondemo2\x64\debug\icondemo2.tlog\link.write.1.tlog
e:\code\visualstudio\_beta\bide_beta\bidemainwindow\icondemo2\x64\debug\icondemo2.tlog\moc.read.1u.tlog
e:\code\visualstudio\_beta\bide_beta\bidemainwindow\icondemo2\x64\debug\icondemo2.tlog\moc.write.1u.tlog
e:\code\visualstudio\_beta\bide_beta\bidemainwindow\icondemo2\x64\debug\icondemo2.tlog\rc.command.1.tlog
e:\code\visualstudio\_beta\bide_beta\bidemainwindow\icondemo2\x64\debug\icondemo2.tlog\rc.read.1.tlog
e:\code\visualstudio\_beta\bide_beta\bidemainwindow\icondemo2\x64\debug\icondemo2.tlog\rc.write.1.tlog
e:\code\visualstudio\_beta\bide_beta\bidemainwindow\icondemo2\x64\debug\icondemo2.tlog\rcc.read.1u.tlog
e:\code\visualstudio\_beta\bide_beta\bidemainwindow\icondemo2\x64\debug\icondemo2.tlog\rcc.write.1u.tlog
e:\code\visualstudio\_beta\bide_beta\bidemainwindow\icondemo2\x64\debug\icondemo2.tlog\uic.read.1u.tlog
e:\code\visualstudio\_beta\bide_beta\bidemainwindow\icondemo2\x64\debug\icondemo2.tlog\uic.write.1u.tlog
