e:\code\visualstudio\_beta\bide_beta\bidemainwindow\mongoplugintwo\x64\debug\mongoeditor.obj
e:\code\visualstudio\_beta\bide_beta\bidemainwindow\mongoplugintwo\x64\debug\mongomoudule.obj
e:\code\visualstudio\_beta\bide_beta\bidemainwindow\mongoplugintwo\x64\debug\mongoplugin.obj
e:\code\visualstudio\_beta\bide_beta\bidemainwindow\mongoplugintwo\x64\debug\qxormdata.obj
e:\code\visualstudio\_beta\bide_beta\bidemainwindow\mongoplugintwo\x64\debug\vc140.pdb
e:\code\visualstudio\_beta\bide_beta\bidemainwindow\mongoplugintwo\x64\debug\moc_mongoplugin.obj
e:\code\visualstudio\_beta\bide_beta\bidemainwindow\mongoplugintwo\x64\debug\moc_mongomoudule.obj
e:\code\visualstudio\_beta\bide_beta\bidemainwindow\mongoplugintwo\x64\debug\moc_mongoeditor.obj
e:\code\visualstudio\_beta\bide_beta\bidemainwindow\x64\debug\mongoplugintwo.ilk
e:\code\visualstudio\_beta\bide_beta\bidemainwindow\x64\debug\mongoplugintwo.dll
e:\code\visualstudio\_beta\bide_beta\bidemainwindow\x64\debug\mongoplugintwo.pdb
e:\code\visualstudio\_beta\bide_beta\bidemainwindow\mongoplugintwo\x64\debug\moc\moc_mongomoudule.cpp
e:\code\visualstudio\_beta\bide_beta\bidemainwindow\mongoplugintwo\x64\debug\uic\ui_mongoeditor.h
e:\code\visualstudio\_beta\bide_beta\bidemainwindow\mongoplugintwo\x64\debug\moc\moc_mongoeditor.cpp
e:\code\visualstudio\_beta\bide_beta\bidemainwindow\mongoplugintwo\x64\debug\moc\moc_mongoplugin.cpp
e:\code\visualstudio\_beta\bide_beta\bidemainwindow\x64\debug\mongoplugintwo.lib
e:\code\visualstudio\_beta\bide_beta\bidemainwindow\x64\debug\mongoplugintwo.exp
e:\code\visualstudio\_beta\bide_beta\bidemainwindow\plugins\mongoplugintwo\x64\debug\uic\ui_mongoeditor.h
e:\code\visualstudio\_beta\bide_beta\bidemainwindow\plugins\mongoplugintwo\x64\debug\moc\moc_mongoeditor.cpp
e:\code\visualstudio\_beta\bide_beta\bidemainwindow\plugins\mongoplugintwo\x64\debug\moc\moc_mongomoudule.cpp
e:\code\visualstudio\_beta\bide_beta\bidemainwindow\plugins\mongoplugintwo\x64\debug\moc\moc_mongoplugin.cpp
e:\code\visualstudio\_beta\bide_beta\bidemainwindow\mongoplugintwo\x64\debug\mongoplugintwo.res
e:\code\visualstudio\_beta\bide_beta\bidemainwindow\plugins\mongoplugintwo\x64\debug\moc_mongoeditor.obj
e:\code\visualstudio\_beta\bide_beta\bidemainwindow\plugins\mongoplugintwo\x64\debug\moc_mongomoudule.obj
e:\code\visualstudio\_beta\bide_beta\bidemainwindow\plugins\mongoplugintwo\x64\debug\moc_mongoplugin.obj
e:\code\visualstudio\_beta\bide_beta\bidemainwindow\plugins\mongoplugintwo\x64\debug\mongoeditor.obj
e:\code\visualstudio\_beta\bide_beta\bidemainwindow\plugins\mongoplugintwo\x64\debug\mongomoudule.obj
e:\code\visualstudio\_beta\bide_beta\bidemainwindow\plugins\mongoplugintwo\x64\debug\mongoplugin.obj
e:\code\visualstudio\_beta\bide_beta\bidemainwindow\plugins\mongoplugintwo\x64\debug\qxormdata.obj
e:\code\visualstudio\_beta\bide_beta\bidemainwindow\plugins\mongoplugintwo\x64\debug\mongoplugintwo.res
e:\code\visualstudio\_beta\bide_beta\bidemainwindow\plugins\mongoplugintwo\x64\debug\vc140.pdb
e:\code\visualstudio\_beta\bide_beta\bidemainwindow\plugins\mongoplugintwo\x64\debug\mongoplugintwo.tlog\cl.command.1.tlog
e:\code\visualstudio\_beta\bide_beta\bidemainwindow\plugins\mongoplugintwo\x64\debug\mongoplugintwo.tlog\cl.read.1.tlog
e:\code\visualstudio\_beta\bide_beta\bidemainwindow\plugins\mongoplugintwo\x64\debug\mongoplugintwo.tlog\cl.write.1.tlog
e:\code\visualstudio\_beta\bide_beta\bidemainwindow\plugins\mongoplugintwo\x64\debug\mongoplugintwo.tlog\link.command.1.tlog
e:\code\visualstudio\_beta\bide_beta\bidemainwindow\plugins\mongoplugintwo\x64\debug\mongoplugintwo.tlog\link.read.1.tlog
e:\code\visualstudio\_beta\bide_beta\bidemainwindow\plugins\mongoplugintwo\x64\debug\mongoplugintwo.tlog\link.write.1.tlog
e:\code\visualstudio\_beta\bide_beta\bidemainwindow\plugins\mongoplugintwo\x64\debug\mongoplugintwo.tlog\moc.read.1u.tlog
e:\code\visualstudio\_beta\bide_beta\bidemainwindow\plugins\mongoplugintwo\x64\debug\mongoplugintwo.tlog\moc.write.1u.tlog
e:\code\visualstudio\_beta\bide_beta\bidemainwindow\plugins\mongoplugintwo\x64\debug\mongoplugintwo.tlog\mongoplugintwo.write.1u.tlog
e:\code\visualstudio\_beta\bide_beta\bidemainwindow\plugins\mongoplugintwo\x64\debug\mongoplugintwo.tlog\rc.command.1.tlog
e:\code\visualstudio\_beta\bide_beta\bidemainwindow\plugins\mongoplugintwo\x64\debug\mongoplugintwo.tlog\rc.read.1.tlog
e:\code\visualstudio\_beta\bide_beta\bidemainwindow\plugins\mongoplugintwo\x64\debug\mongoplugintwo.tlog\rc.write.1.tlog
e:\code\visualstudio\_beta\bide_beta\bidemainwindow\plugins\mongoplugintwo\x64\debug\mongoplugintwo.tlog\uic.read.1u.tlog
e:\code\visualstudio\_beta\bide_beta\bidemainwindow\plugins\mongoplugintwo\x64\debug\mongoplugintwo.tlog\uic.write.1u.tlog
