e:\code\visualstudio\_beta\bide_beta\bidemainwindow\mongoplugintwo-copy01\x64\debug\mongomoudule.obj
e:\code\visualstudio\_beta\bide_beta\bidemainwindow\mongoplugintwo-copy01\x64\debug\qxormdata.obj
e:\code\visualstudio\_beta\bide_beta\bidemainwindow\mongoplugintwo-copy01\x64\debug\mongoeditor.obj
e:\code\visualstudio\_beta\bide_beta\bidemainwindow\mongoplugintwo-copy01\x64\debug\mongoplugin.obj
e:\code\visualstudio\_beta\bide_beta\bidemainwindow\mongoplugintwo-copy01\x64\debug\vc140.pdb
e:\code\visualstudio\_beta\bide_beta\bidemainwindow\mongoplugintwo-copy01\x64\debug\moc_mongomoudule.obj
e:\code\visualstudio\_beta\bide_beta\bidemainwindow\mongoplugintwo-copy01\x64\debug\moc_mongoeditor.obj
e:\code\visualstudio\_beta\bide_beta\bidemainwindow\mongoplugintwo-copy01\x64\debug\moc_mongoplugin.obj
e:\code\visualstudio\_beta\bide_beta\bidemainwindow\x64\debug\mongoplugintwo_copy01.ilk
e:\code\visualstudio\_beta\bide_beta\bidemainwindow\x64\debug\mongoplugintwo_copy01.dll
e:\code\visualstudio\_beta\bide_beta\bidemainwindow\x64\debug\mongoplugintwo_copy01.pdb
e:\code\visualstudio\_beta\bide_beta\bidemainwindow\mongoplugintwo-copy01\x64\debug\moc\moc_mongomoudule.cpp
e:\code\visualstudio\_beta\bide_beta\bidemainwindow\mongoplugintwo-copy01\x64\debug\uic\ui_mongoeditor.h
e:\code\visualstudio\_beta\bide_beta\bidemainwindow\mongoplugintwo-copy01\x64\debug\moc\moc_mongoeditor.cpp
e:\code\visualstudio\_beta\bide_beta\bidemainwindow\mongoplugintwo-copy01\x64\debug\moc\moc_mongoplugin.cpp
e:\code\visualstudio\_beta\bide_beta\bidemainwindow\x64\debug\mongoplugintwo_copy01.lib
e:\code\visualstudio\_beta\bide_beta\bidemainwindow\x64\debug\mongoplugintwo_copy01.exp
e:\code\visualstudio\_beta\bide_beta\bidemainwindow\plugins\mongoplugintwo-copy01\x64\debug\uic\ui_mongoeditor.h
e:\code\visualstudio\_beta\bide_beta\bidemainwindow\plugins\mongoplugintwo-copy01\x64\debug\moc\moc_mongoeditor.cpp
e:\code\visualstudio\_beta\bide_beta\bidemainwindow\plugins\mongoplugintwo-copy01\x64\debug\moc\moc_mongomoudule.cpp
e:\code\visualstudio\_beta\bide_beta\bidemainwindow\plugins\mongoplugintwo-copy01\x64\debug\moc\moc_mongoplugin.cpp
e:\code\visualstudio\_beta\bide_beta\bidemainwindow\mongoplugintwo-copy01\x64\debug\mongoplugintwo.res
e:\code\visualstudio\_beta\bide_beta\bidemainwindow\plugins\mongoplugintwo-copy01\x64\debug\moc_mongoeditor.obj
e:\code\visualstudio\_beta\bide_beta\bidemainwindow\plugins\mongoplugintwo-copy01\x64\debug\moc_mongomoudule.obj
e:\code\visualstudio\_beta\bide_beta\bidemainwindow\plugins\mongoplugintwo-copy01\x64\debug\moc_mongoplugin.obj
e:\code\visualstudio\_beta\bide_beta\bidemainwindow\plugins\mongoplugintwo-copy01\x64\debug\mongoeditor.obj
e:\code\visualstudio\_beta\bide_beta\bidemainwindow\plugins\mongoplugintwo-copy01\x64\debug\mongomoudule.obj
e:\code\visualstudio\_beta\bide_beta\bidemainwindow\plugins\mongoplugintwo-copy01\x64\debug\mongoplugin.obj
e:\code\visualstudio\_beta\bide_beta\bidemainwindow\plugins\mongoplugintwo-copy01\x64\debug\qxormdata.obj
e:\code\visualstudio\_beta\bide_beta\bidemainwindow\plugins\mongoplugintwo-copy01\x64\debug\mongoplugintwo.res
e:\code\visualstudio\_beta\bide_beta\bidemainwindow\plugins\mongoplugintwo-copy01\x64\debug\vc140.pdb
e:\code\visualstudio\_beta\bide_beta\bidemainwindow\plugins\mongoplugintwo-copy01\x64\debug\mongoplu.a0c7305c.tlog\cl.command.1.tlog
e:\code\visualstudio\_beta\bide_beta\bidemainwindow\plugins\mongoplugintwo-copy01\x64\debug\mongoplu.a0c7305c.tlog\cl.read.1.tlog
e:\code\visualstudio\_beta\bide_beta\bidemainwindow\plugins\mongoplugintwo-copy01\x64\debug\mongoplu.a0c7305c.tlog\cl.write.1.tlog
e:\code\visualstudio\_beta\bide_beta\bidemainwindow\plugins\mongoplugintwo-copy01\x64\debug\mongoplu.a0c7305c.tlog\link.command.1.tlog
e:\code\visualstudio\_beta\bide_beta\bidemainwindow\plugins\mongoplugintwo-copy01\x64\debug\mongoplu.a0c7305c.tlog\link.read.1.tlog
e:\code\visualstudio\_beta\bide_beta\bidemainwindow\plugins\mongoplugintwo-copy01\x64\debug\mongoplu.a0c7305c.tlog\link.write.1.tlog
e:\code\visualstudio\_beta\bide_beta\bidemainwindow\plugins\mongoplugintwo-copy01\x64\debug\mongoplu.a0c7305c.tlog\moc.read.1u.tlog
e:\code\visualstudio\_beta\bide_beta\bidemainwindow\plugins\mongoplugintwo-copy01\x64\debug\mongoplu.a0c7305c.tlog\moc.write.1u.tlog
e:\code\visualstudio\_beta\bide_beta\bidemainwindow\plugins\mongoplugintwo-copy01\x64\debug\mongoplu.a0c7305c.tlog\mongoplugintwo_copy01.write.1u.tlog
e:\code\visualstudio\_beta\bide_beta\bidemainwindow\plugins\mongoplugintwo-copy01\x64\debug\mongoplu.a0c7305c.tlog\rc.command.1.tlog
e:\code\visualstudio\_beta\bide_beta\bidemainwindow\plugins\mongoplugintwo-copy01\x64\debug\mongoplu.a0c7305c.tlog\rc.read.1.tlog
e:\code\visualstudio\_beta\bide_beta\bidemainwindow\plugins\mongoplugintwo-copy01\x64\debug\mongoplu.a0c7305c.tlog\rc.write.1.tlog
e:\code\visualstudio\_beta\bide_beta\bidemainwindow\plugins\mongoplugintwo-copy01\x64\debug\mongoplu.a0c7305c.tlog\uic.read.1u.tlog
e:\code\visualstudio\_beta\bide_beta\bidemainwindow\plugins\mongoplugintwo-copy01\x64\debug\mongoplu.a0c7305c.tlog\uic.write.1u.tlog
