e:\code\visualstudio\_beta\bide_beta\bidemainwindow\loaddemoplugin\x64\debug\vc140.pdb
e:\code\visualstudio\_beta\bide_beta\bidemainwindow\loaddemoplugin\x64\debug\vc140.idb
e:\code\visualstudio\_beta\bide_beta\bidemainwindow\loaddemoplugin\x64\debug\btqsseditor.obj
e:\code\visualstudio\_beta\bide_beta\bidemainwindow\loaddemoplugin\x64\debug\btqssmoudule.obj
e:\code\visualstudio\_beta\bide_beta\bidemainwindow\loaddemoplugin\x64\debug\btqssplugin.obj
e:\code\visualstudio\_beta\bide_beta\bidemainwindow\loaddemoplugin\x64\debug\moc_btqssmoudule.obj
e:\code\visualstudio\_beta\bide_beta\bidemainwindow\loaddemoplugin\x64\debug\moc_btqssplugin.obj
e:\code\visualstudio\_beta\bide_beta\bidemainwindow\loaddemoplugin\x64\debug\moc_btqsseditor.obj
e:\code\visualstudio\_beta\bide_beta\bidemainwindow\x64\debug\loaddemoplugin.ilk
e:\code\visualstudio\_beta\bide_beta\bidemainwindow\x64\debug\loaddemoplugin.dll
e:\code\visualstudio\_beta\bide_beta\bidemainwindow\x64\debug\loaddemoplugin.pdb
e:\code\visualstudio\_beta\bide_beta\bidemainwindow\loaddemoplugin\x64\debug\uic\ui_btqsseditor.h
e:\code\visualstudio\_beta\bide_beta\bidemainwindow\loaddemoplugin\x64\debug\moc\moc_btqssmoudule.cpp
e:\code\visualstudio\_beta\bide_beta\bidemainwindow\loaddemoplugin\x64\debug\moc\moc_btqssplugin.cpp
e:\code\visualstudio\_beta\bide_beta\bidemainwindow\loaddemoplugin\x64\debug\moc\moc_btqsseditor.cpp
e:\code\visualstudio\_beta\bide_beta\bidemainwindow\x64\debug\loaddemoplugin.lib
e:\code\visualstudio\_beta\bide_beta\bidemainwindow\x64\debug\loaddemoplugin.exp
e:\code\visualstudio\_beta\bide_beta\bidemainwindow\plugins\loaddemoplugin\x64\debug\uic\ui_btqsseditor.h
e:\code\visualstudio\_beta\bide_beta\bidemainwindow\plugins\loaddemoplugin\x64\debug\moc\moc_btqssmoudule.cpp
e:\code\visualstudio\_beta\bide_beta\bidemainwindow\plugins\loaddemoplugin\x64\debug\moc\moc_btqssplugin.cpp
e:\code\visualstudio\_beta\bide_beta\bidemainwindow\plugins\loaddemoplugin\x64\debug\moc\moc_btqsseditor.cpp
e:\code\visualstudio\_beta\bide_beta\bidemainwindow\plugins\loaddemoplugin\x64\debug\btqsseditor.obj
e:\code\visualstudio\_beta\bide_beta\bidemainwindow\plugins\loaddemoplugin\x64\debug\btqssmoudule.obj
e:\code\visualstudio\_beta\bide_beta\bidemainwindow\plugins\loaddemoplugin\x64\debug\btqssplugin.obj
e:\code\visualstudio\_beta\bide_beta\bidemainwindow\plugins\loaddemoplugin\x64\debug\moc_btqsseditor.obj
e:\code\visualstudio\_beta\bide_beta\bidemainwindow\plugins\loaddemoplugin\x64\debug\moc_btqssmoudule.obj
e:\code\visualstudio\_beta\bide_beta\bidemainwindow\plugins\loaddemoplugin\x64\debug\moc_btqssplugin.obj
e:\code\visualstudio\_beta\bide_beta\bidemainwindow\plugins\loaddemoplugin\x64\debug\vc140.idb
e:\code\visualstudio\_beta\bide_beta\bidemainwindow\plugins\loaddemoplugin\x64\debug\vc140.pdb
e:\code\visualstudio\_beta\bide_beta\bidemainwindow\plugins\loaddemoplugin\x64\debug\loaddemoplugin.tlog\cl.command.1.tlog
e:\code\visualstudio\_beta\bide_beta\bidemainwindow\plugins\loaddemoplugin\x64\debug\loaddemoplugin.tlog\cl.read.1.tlog
e:\code\visualstudio\_beta\bide_beta\bidemainwindow\plugins\loaddemoplugin\x64\debug\loaddemoplugin.tlog\cl.write.1.tlog
e:\code\visualstudio\_beta\bide_beta\bidemainwindow\plugins\loaddemoplugin\x64\debug\loaddemoplugin.tlog\link.command.1.tlog
e:\code\visualstudio\_beta\bide_beta\bidemainwindow\plugins\loaddemoplugin\x64\debug\loaddemoplugin.tlog\link.read.1.tlog
e:\code\visualstudio\_beta\bide_beta\bidemainwindow\plugins\loaddemoplugin\x64\debug\loaddemoplugin.tlog\link.write.1.tlog
e:\code\visualstudio\_beta\bide_beta\bidemainwindow\plugins\loaddemoplugin\x64\debug\loaddemoplugin.tlog\loaddemoplugin.write.1u.tlog
e:\code\visualstudio\_beta\bide_beta\bidemainwindow\plugins\loaddemoplugin\x64\debug\loaddemoplugin.tlog\moc.read.1u.tlog
e:\code\visualstudio\_beta\bide_beta\bidemainwindow\plugins\loaddemoplugin\x64\debug\loaddemoplugin.tlog\moc.write.1u.tlog
e:\code\visualstudio\_beta\bide_beta\bidemainwindow\plugins\loaddemoplugin\x64\debug\loaddemoplugin.tlog\uic.read.1u.tlog
e:\code\visualstudio\_beta\bide_beta\bidemainwindow\plugins\loaddemoplugin\x64\debug\loaddemoplugin.tlog\uic.write.1u.tlog
